Determining if the pthread_create exist failed with the following output:
Change Dir: /home/leather/lxdata/leather_repertory/SLAM_YGZ/svo_edgelet/build/CMakeFiles/CMakeTmp

Run Build Command:"/usr/bin/make" "cmTC_9e36e/fast"
/usr/bin/make -f CMakeFiles/cmTC_9e36e.dir/build.make CMakeFiles/cmTC_9e36e.dir/build
make[1]: 正在进入目录 `/home/leather/lxdata/leather_repertory/SLAM_YGZ/svo_edgelet/build/CMakeFiles/CMakeTmp'
Building C object CMakeFiles/cmTC_9e36e.dir/CheckSymbolExists.c.o
/usr/bin/cc    -o CMakeFiles/cmTC_9e36e.dir/CheckSymbolExists.c.o   -c /home/leather/lxdata/leather_repertory/SLAM_YGZ/svo_edgelet/build/CMakeFiles/CMakeTmp/CheckSymbolExists.c
Linking C executable cmTC_9e36e
/usr/local/bin/cmake -E cmake_link_script CMakeFiles/cmTC_9e36e.dir/link.txt --verbose=1
/usr/bin/cc      -rdynamic CMakeFiles/cmTC_9e36e.dir/CheckSymbolExists.c.o  -o cmTC_9e36e 
CMakeFiles/cmTC_9e36e.dir/CheckSymbolExists.c.o：在函数‘main’中：
CheckSymbolExists.c:(.text+0x16)：对‘pthread_create’未定义的引用
collect2: error: ld returned 1 exit status
make[1]: *** [cmTC_9e36e] 错误 1
make[1]:正在离开目录 `/home/leather/lxdata/leather_repertory/SLAM_YGZ/svo_edgelet/build/CMakeFiles/CMakeTmp'
make: *** [cmTC_9e36e/fast] 错误 2

File /home/leather/lxdata/leather_repertory/SLAM_YGZ/svo_edgelet/build/CMakeFiles/CMakeTmp/CheckSymbolExists.c:
/* */
#include <pthread.h>

int main(int argc, char** argv)
{
  (void)argv;
#ifndef pthread_create
  return ((int*)(&pthread_create))[argc];
#else
  (void)argc;
  return 0;
#endif
}

Determining if the function pthread_create exists in the pthreads failed with the following output:
Change Dir: /home/leather/lxdata/leather_repertory/SLAM_YGZ/svo_edgelet/build/CMakeFiles/CMakeTmp

Run Build Command:"/usr/bin/make" "cmTC_81b1a/fast"
/usr/bin/make -f CMakeFiles/cmTC_81b1a.dir/build.make CMakeFiles/cmTC_81b1a.dir/build
make[1]: 正在进入目录 `/home/leather/lxdata/leather_repertory/SLAM_YGZ/svo_edgelet/build/CMakeFiles/CMakeTmp'
Building C object CMakeFiles/cmTC_81b1a.dir/CheckFunctionExists.c.o
/usr/bin/cc   -DCHECK_FUNCTION_EXISTS=pthread_create   -o CMakeFiles/cmTC_81b1a.dir/CheckFunctionExists.c.o   -c /usr/local/share/cmake-3.13/Modules/CheckFunctionExists.c
Linking C executable cmTC_81b1a
/usr/local/bin/cmake -E cmake_link_script CMakeFiles/cmTC_81b1a.dir/link.txt --verbose=1
/usr/bin/cc  -DCHECK_FUNCTION_EXISTS=pthread_create    -rdynamic CMakeFiles/cmTC_81b1a.dir/CheckFunctionExists.c.o  -o cmTC_81b1a -lpthreads 
/usr/bin/ld: 找不到 -lpthreads
collect2: error: ld returned 1 exit status
make[1]: *** [cmTC_81b1a] 错误 1
make[1]:正在离开目录 `/home/leather/lxdata/leather_repertory/SLAM_YGZ/svo_edgelet/build/CMakeFiles/CMakeTmp'
make: *** [cmTC_81b1a/fast] 错误 2


